2023-07-27 11:52:16.389  INFO 30904 --- [main] newsmarthome.SmartHomeAppTest            : Starting SmartHomeAppTest on marktop with PID 30904 (started by marek in c:\Users\marek\github\SmartHome\javaApp\SmartHome)
2023-07-27 11:52:16.396  INFO 30904 --- [main] newsmarthome.SmartHomeAppTest            : No active profile set, falling back to default profiles: default
2023-07-27 11:52:17.744  INFO 30904 --- [main] newsmarthome.database.UsersDAO           : Wczytywanie bazy danych u¿ytkowników
2023-07-27 11:52:17.794  INFO 30904 --- [main] newsmarthome.database.UsersDAO           : Wczytano 4 userow
2023-07-27 11:52:17.804  INFO 30904 --- [main] newsmarthome.database.SystemDAO          : Init System DAO
2023-07-27 11:52:17.822  INFO 30904 --- [main] newsmarthome.i2c.MasterToSlaveConverter  : Stworzno JtAConverter
2023-07-27 11:52:17.838 ERROR 30904 --- [main] com.pi4j.util.NativeLibraryLoader        : Unable to load [libpi4j.so] using path: [/lib/raspberrypi/dynamic/libpi4j.so]

java.lang.IllegalArgumentException: The path has to be absolute, but found: \lib\raspberrypi\dynamic\libpi4j.so
	at com.pi4j.util.NativeLibraryLoader.loadLibraryFromClasspath(NativeLibraryLoader.java:204) ~[pi4j-core-1.3.jar:na]
	at com.pi4j.util.NativeLibraryLoader.load(NativeLibraryLoader.java:172) ~[pi4j-core-1.3.jar:na]
	at com.pi4j.wiringpi.Gpio.<clinit>(Gpio.java:189) ~[pi4j-core-1.3.jar:na]
	at com.pi4j.io.gpio.RaspiGpioProvider.<init>(RaspiGpioProvider.java:69) ~[pi4j-core-1.3.jar:na]
	at com.pi4j.io.gpio.RaspiGpioProvider.<init>(RaspiGpioProvider.java:51) ~[pi4j-core-1.3.jar:na]
	at com.pi4j.platform.Platform.getGpioProvider(Platform.java:125) ~[pi4j-core-1.3.jar:na]
	at com.pi4j.platform.Platform.getGpioProvider(Platform.java:118) ~[pi4j-core-1.3.jar:na]
	at com.pi4j.io.gpio.GpioFactory.getDefaultProvider(GpioFactory.java:109) ~[pi4j-core-1.3.jar:na]
	at com.pi4j.io.gpio.impl.GpioControllerImpl.<init>(GpioControllerImpl.java:53) ~[pi4j-core-1.3.jar:na]
	at com.pi4j.io.gpio.GpioFactory.getInstance(GpioFactory.java:91) ~[pi4j-core-1.3.jar:na]
	at newsmarthome.i2c.I2CHardware.<init>(I2CHardware.java:39) ~[classes/:na]
	at java.base/jdk.internal.reflect.NativeConstructorAccessorImpl.newInstance0(Native Method) ~[na:na]
	at java.base/jdk.internal.reflect.NativeConstructorAccessorImpl.newInstance(NativeConstructorAccessorImpl.java:62) ~[na:na]
	at java.base/jdk.internal.reflect.DelegatingConstructorAccessorImpl.newInstance(DelegatingConstructorAccessorImpl.java:45) ~[na:na]
	at java.base/java.lang.reflect.Constructor.newInstance(Constructor.java:490) ~[na:na]
	at org.springframework.beans.BeanUtils.instantiateClass(BeanUtils.java:172) ~[spring-beans-5.1.7.RELEASE.jar:5.1.7.RELEASE]
	at org.springframework.beans.factory.support.SimpleInstantiationStrategy.instantiate(SimpleInstantiationStrategy.java:87) ~[spring-beans-5.1.7.RELEASE.jar:5.1.7.RELEASE]
	at org.springframework.beans.factory.support.AbstractAutowireCapableBeanFactory.instantiateBean(AbstractAutowireCapableBeanFactory.java:1295) ~[spring-beans-5.1.7.RELEASE.jar:5.1.7.RELEASE]
	at org.springframework.beans.factory.support.AbstractAutowireCapableBeanFactory.createBeanInstance(AbstractAutowireCapableBeanFactory.java:1197) ~[spring-beans-5.1.7.RELEASE.jar:5.1.7.RELEASE]
	at org.springframework.beans.factory.support.AbstractAutowireCapableBeanFactory.doCreateBean(AbstractAutowireCapableBeanFactory.java:555) ~[spring-beans-5.1.7.RELEASE.jar:5.1.7.RELEASE]
	at org.springframework.beans.factory.support.AbstractAutowireCapableBeanFactory.createBean(AbstractAutowireCapableBeanFactory.java:515) ~[spring-beans-5.1.7.RELEASE.jar:5.1.7.RELEASE]
	at org.springframework.beans.factory.support.AbstractBeanFactory.lambda$doGetBean$0(AbstractBeanFactory.java:320) ~[spring-beans-5.1.7.RELEASE.jar:5.1.7.RELEASE]
	at org.springframework.beans.factory.support.DefaultSingletonBeanRegistry.getSingleton(DefaultSingletonBeanRegistry.java:222) ~[spring-beans-5.1.7.RELEASE.jar:5.1.7.RELEASE]
	at org.springframework.beans.factory.support.AbstractBeanFactory.doGetBean(AbstractBeanFactory.java:318) ~[spring-beans-5.1.7.RELEASE.jar:5.1.7.RELEASE]
	at org.springframework.beans.factory.support.AbstractBeanFactory.getBean(AbstractBeanFactory.java:199) ~[spring-beans-5.1.7.RELEASE.jar:5.1.7.RELEASE]
	at org.springframework.beans.factory.config.DependencyDescriptor.resolveCandidate(DependencyDescriptor.java:277) ~[spring-beans-5.1.7.RELEASE.jar:5.1.7.RELEASE]
	at org.springframework.beans.factory.support.DefaultListableBeanFactory.doResolveDependency(DefaultListableBeanFactory.java:1248) ~[spring-beans-5.1.7.RELEASE.jar:5.1.7.RELEASE]
	at org.springframework.beans.factory.support.DefaultListableBeanFactory.resolveDependency(DefaultListableBeanFactory.java:1168) ~[spring-beans-5.1.7.RELEASE.jar:5.1.7.RELEASE]
	at org.springframework.beans.factory.annotation.AutowiredAnnotationBeanPostProcessor$AutowiredFieldElement.inject(AutowiredAnnotationBeanPostProcessor.java:593) ~[spring-beans-5.1.7.RELEASE.jar:5.1.7.RELEASE]
	at org.springframework.beans.factory.annotation.InjectionMetadata.inject(InjectionMetadata.java:90) ~[spring-beans-5.1.7.RELEASE.jar:5.1.7.RELEASE]
	at org.springframework.beans.factory.annotation.AutowiredAnnotationBeanPostProcessor.postProcessProperties(AutowiredAnnotationBeanPostProcessor.java:374) ~[spring-beans-5.1.7.RELEASE.jar:5.1.7.RELEASE]
	at org.springframework.beans.factory.support.AbstractAutowireCapableBeanFactory.populateBean(AbstractAutowireCapableBeanFactory.java:1411) ~[spring-beans-5.1.7.RELEASE.jar:5.1.7.RELEASE]
	at org.springframework.beans.factory.support.AbstractAutowireCapableBeanFactory.doCreateBean(AbstractAutowireCapableBeanFactory.java:592) ~[spring-beans-5.1.7.RELEASE.jar:5.1.7.RELEASE]
	at org.springframework.beans.factory.support.AbstractAutowireCapableBeanFactory.createBean(AbstractAutowireCapableBeanFactory.java:515) ~[spring-beans-5.1.7.RELEASE.jar:5.1.7.RELEASE]
	at org.springframework.beans.factory.support.AbstractBeanFactory.lambda$doGetBean$0(AbstractBeanFactory.java:320) ~[spring-beans-5.1.7.RELEASE.jar:5.1.7.RELEASE]
	at org.springframework.beans.factory.support.DefaultSingletonBeanRegistry.getSingleton(DefaultSingletonBeanRegistry.java:222) ~[spring-beans-5.1.7.RELEASE.jar:5.1.7.RELEASE]
	at org.springframework.beans.factory.support.AbstractBeanFactory.doGetBean(AbstractBeanFactory.java:318) ~[spring-beans-5.1.7.RELEASE.jar:5.1.7.RELEASE]
	at org.springframework.beans.factory.support.AbstractBeanFactory.getBean(AbstractBeanFactory.java:199) ~[spring-beans-5.1.7.RELEASE.jar:5.1.7.RELEASE]
	at org.springframework.beans.factory.config.DependencyDescriptor.resolveCandidate(DependencyDescriptor.java:277) ~[spring-beans-5.1.7.RELEASE.jar:5.1.7.RELEASE]
	at org.springframework.beans.factory.support.DefaultListableBeanFactory.doResolveDependency(DefaultListableBeanFactory.java:1248) ~[spring-beans-5.1.7.RELEASE.jar:5.1.7.RELEASE]
	at org.springframework.beans.factory.support.DefaultListableBeanFactory.resolveDependency(DefaultListableBeanFactory.java:1168) ~[spring-beans-5.1.7.RELEASE.jar:5.1.7.RELEASE]
	at org.springframework.beans.factory.annotation.AutowiredAnnotationBeanPostProcessor$AutowiredFieldElement.inject(AutowiredAnnotationBeanPostProcessor.java:593) ~[spring-beans-5.1.7.RELEASE.jar:5.1.7.RELEASE]
	at org.springframework.beans.factory.annotation.InjectionMetadata.inject(InjectionMetadata.java:90) ~[spring-beans-5.1.7.RELEASE.jar:5.1.7.RELEASE]
	at org.springframework.beans.factory.annotation.AutowiredAnnotationBeanPostProcessor.postProcessProperties(AutowiredAnnotationBeanPostProcessor.java:374) ~[spring-beans-5.1.7.RELEASE.jar:5.1.7.RELEASE]
	at org.springframework.beans.factory.support.AbstractAutowireCapableBeanFactory.populateBean(AbstractAutowireCapableBeanFactory.java:1411) ~[spring-beans-5.1.7.RELEASE.jar:5.1.7.RELEASE]
	at org.springframework.beans.factory.support.AbstractAutowireCapableBeanFactory.doCreateBean(AbstractAutowireCapableBeanFactory.java:592) ~[spring-beans-5.1.7.RELEASE.jar:5.1.7.RELEASE]
	at org.springframework.beans.factory.support.AbstractAutowireCapableBeanFactory.createBean(AbstractAutowireCapableBeanFactory.java:515) ~[spring-beans-5.1.7.RELEASE.jar:5.1.7.RELEASE]
	at org.springframework.beans.factory.support.AbstractBeanFactory.doGetBean(AbstractBeanFactory.java:338) ~[spring-beans-5.1.7.RELEASE.jar:5.1.7.RELEASE]
	at org.springframework.beans.factory.support.AbstractBeanFactory.getBean(AbstractBeanFactory.java:224) ~[spring-beans-5.1.7.RELEASE.jar:5.1.7.RELEASE]
	at org.springframework.beans.factory.support.DefaultListableBeanFactory.resolveNamedBean(DefaultListableBeanFactory.java:1116) ~[spring-beans-5.1.7.RELEASE.jar:5.1.7.RELEASE]
	at org.springframework.beans.factory.support.DefaultListableBeanFactory.resolveBean(DefaultListableBeanFactory.java:409) ~[spring-beans-5.1.7.RELEASE.jar:5.1.7.RELEASE]
	at org.springframework.beans.factory.support.DefaultListableBeanFactory.getBean(DefaultListableBeanFactory.java:343) ~[spring-beans-5.1.7.RELEASE.jar:5.1.7.RELEASE]
	at org.springframework.beans.factory.support.DefaultListableBeanFactory.getBean(DefaultListableBeanFactory.java:337) ~[spring-beans-5.1.7.RELEASE.jar:5.1.7.RELEASE]
	at newsmarthome.model.hardware.HardwareFactory.createTermometr(HardwareFactory.java:115) ~[classes/:na]
	at newsmarthome.model.hardware.HardwareFactory.createSensor(HardwareFactory.java:133) ~[classes/:na]
	at newsmarthome.database.SystemDAO.readDatabase(SystemDAO.java:313) ~[classes/:na]
	at newsmarthome.database.SystemDAO.<init>(SystemDAO.java:64) ~[classes/:na]
	at java.base/jdk.internal.reflect.NativeConstructorAccessorImpl.newInstance0(Native Method) ~[na:na]
	at java.base/jdk.internal.reflect.NativeConstructorAccessorImpl.newInstance(NativeConstructorAccessorImpl.java:62) ~[na:na]
	at java.base/jdk.internal.reflect.DelegatingConstructorAccessorImpl.newInstance(DelegatingConstructorAccessorImpl.java:45) ~[na:na]
	at java.base/java.lang.reflect.Constructor.newInstance(Constructor.java:490) ~[na:na]
	at org.springframework.beans.BeanUtils.instantiateClass(BeanUtils.java:172) ~[spring-beans-5.1.7.RELEASE.jar:5.1.7.RELEASE]
	at org.springframework.beans.factory.support.SimpleInstantiationStrategy.instantiate(SimpleInstantiationStrategy.java:117) ~[spring-beans-5.1.7.RELEASE.jar:5.1.7.RELEASE]
	at org.springframework.beans.factory.support.ConstructorResolver.instantiate(ConstructorResolver.java:300) ~[spring-beans-5.1.7.RELEASE.jar:5.1.7.RELEASE]
	at org.springframework.beans.factory.support.ConstructorResolver.autowireConstructor(ConstructorResolver.java:285) ~[spring-beans-5.1.7.RELEASE.jar:5.1.7.RELEASE]
	at org.springframework.beans.factory.support.AbstractAutowireCapableBeanFactory.autowireConstructor(AbstractAutowireCapableBeanFactory.java:1341) ~[spring-beans-5.1.7.RELEASE.jar:5.1.7.RELEASE]
	at org.springframework.beans.factory.support.AbstractAutowireCapableBeanFactory.createBeanInstance(AbstractAutowireCapableBeanFactory.java:1187) ~[spring-beans-5.1.7.RELEASE.jar:5.1.7.RELEASE]
	at org.springframework.beans.factory.support.AbstractAutowireCapableBeanFactory.doCreateBean(AbstractAutowireCapableBeanFactory.java:555) ~[spring-beans-5.1.7.RELEASE.jar:5.1.7.RELEASE]
	at org.springframework.beans.factory.support.AbstractAutowireCapableBeanFactory.createBean(AbstractAutowireCapableBeanFactory.java:515) ~[spring-beans-5.1.7.RELEASE.jar:5.1.7.RELEASE]
	at org.springframework.beans.factory.support.AbstractBeanFactory.lambda$doGetBean$0(AbstractBeanFactory.java:320) ~[spring-beans-5.1.7.RELEASE.jar:5.1.7.RELEASE]
	at org.springframework.beans.factory.support.DefaultSingletonBeanRegistry.getSingleton(DefaultSingletonBeanRegistry.java:222) ~[spring-beans-5.1.7.RELEASE.jar:5.1.7.RELEASE]
	at org.springframework.beans.factory.support.AbstractBeanFactory.doGetBean(AbstractBeanFactory.java:318) ~[spring-beans-5.1.7.RELEASE.jar:5.1.7.RELEASE]
	at org.springframework.beans.factory.support.AbstractBeanFactory.getBean(AbstractBeanFactory.java:199) ~[spring-beans-5.1.7.RELEASE.jar:5.1.7.RELEASE]
	at org.springframework.beans.factory.config.DependencyDescriptor.resolveCandidate(DependencyDescriptor.java:277) ~[spring-beans-5.1.7.RELEASE.jar:5.1.7.RELEASE]
	at org.springframework.beans.factory.support.DefaultListableBeanFactory.doResolveDependency(DefaultListableBeanFactory.java:1248) ~[spring-beans-5.1.7.RELEASE.jar:5.1.7.RELEASE]
	at org.springframework.beans.factory.support.DefaultListableBeanFactory.resolveDependency(DefaultListableBeanFactory.java:1168) ~[spring-beans-5.1.7.RELEASE.jar:5.1.7.RELEASE]
	at org.springframework.beans.factory.annotation.AutowiredAnnotationBeanPostProcessor$AutowiredFieldElement.inject(AutowiredAnnotationBeanPostProcessor.java:593) ~[spring-beans-5.1.7.RELEASE.jar:5.1.7.RELEASE]
	at org.springframework.beans.factory.annotation.InjectionMetadata.inject(InjectionMetadata.java:90) ~[spring-beans-5.1.7.RELEASE.jar:5.1.7.RELEASE]
	at org.springframework.beans.factory.annotation.AutowiredAnnotationBeanPostProcessor.postProcessProperties(AutowiredAnnotationBeanPostProcessor.java:374) ~[spring-beans-5.1.7.RELEASE.jar:5.1.7.RELEASE]
	at org.springframework.beans.factory.support.AbstractAutowireCapableBeanFactory.populateBean(AbstractAutowireCapableBeanFactory.java:1411) ~[spring-beans-5.1.7.RELEASE.jar:5.1.7.RELEASE]
	at org.springframework.beans.factory.support.AbstractAutowireCapableBeanFactory.doCreateBean(AbstractAutowireCapableBeanFactory.java:592) ~[spring-beans-5.1.7.RELEASE.jar:5.1.7.RELEASE]
	at org.springframework.beans.factory.support.AbstractAutowireCapableBeanFactory.createBean(AbstractAutowireCapableBeanFactory.java:515) ~[spring-beans-5.1.7.RELEASE.jar:5.1.7.RELEASE]
	at org.springframework.beans.factory.support.AbstractBeanFactory.lambda$doGetBean$0(AbstractBeanFactory.java:320) ~[spring-beans-5.1.7.RELEASE.jar:5.1.7.RELEASE]
	at org.springframework.beans.factory.support.DefaultSingletonBeanRegistry.getSingleton(DefaultSingletonBeanRegistry.java:222) ~[spring-beans-5.1.7.RELEASE.jar:5.1.7.RELEASE]
	at org.springframework.beans.factory.support.AbstractBeanFactory.doGetBean(AbstractBeanFactory.java:318) ~[spring-beans-5.1.7.RELEASE.jar:5.1.7.RELEASE]
	at org.springframework.beans.factory.support.AbstractBeanFactory.getBean(AbstractBeanFactory.java:199) ~[spring-beans-5.1.7.RELEASE.jar:5.1.7.RELEASE]
	at org.springframework.beans.factory.support.DefaultListableBeanFactory.preInstantiateSingletons(DefaultListableBeanFactory.java:843) ~[spring-beans-5.1.7.RELEASE.jar:5.1.7.RELEASE]
	at org.springframework.context.support.AbstractApplicationContext.finishBeanFactoryInitialization(AbstractApplicationContext.java:877) ~[spring-context-5.1.7.RELEASE.jar:5.1.7.RELEASE]
	at org.springframework.context.support.AbstractApplicationContext.refresh(AbstractApplicationContext.java:549) ~[spring-context-5.1.7.RELEASE.jar:5.1.7.RELEASE]
	at org.springframework.boot.SpringApplication.refresh(SpringApplication.java:775) ~[spring-boot-2.1.5.RELEASE.jar:2.1.5.RELEASE]
	at org.springframework.boot.SpringApplication.refreshContext(SpringApplication.java:397) ~[spring-boot-2.1.5.RELEASE.jar:2.1.5.RELEASE]
	at org.springframework.boot.SpringApplication.run(SpringApplication.java:316) ~[spring-boot-2.1.5.RELEASE.jar:2.1.5.RELEASE]
	at org.springframework.boot.test.context.SpringBootContextLoader.loadContext(SpringBootContextLoader.java:127) ~[spring-boot-test-2.1.5.RELEASE.jar:2.1.5.RELEASE]
	at org.springframework.test.context.cache.DefaultCacheAwareContextLoaderDelegate.loadContextInternal(DefaultCacheAwareContextLoaderDelegate.java:99) ~[spring-test-5.1.7.RELEASE.jar:5.1.7.RELEASE]
	at org.springframework.test.context.cache.DefaultCacheAwareContextLoaderDelegate.loadContext(DefaultCacheAwareContextLoaderDelegate.java:117) ~[spring-test-5.1.7.RELEASE.jar:5.1.7.RELEASE]
	at org.springframework.test.context.support.DefaultTestContext.getApplicationContext(DefaultTestContext.java:108) ~[spring-test-5.1.7.RELEASE.jar:5.1.7.RELEASE]
	at org.springframework.test.context.web.ServletTestExecutionListener.setUpRequestContextIfNecessary(ServletTestExecutionListener.java:190) ~[spring-test-5.1.7.RELEASE.jar:5.1.7.RELEASE]
	at org.springframework.test.context.web.ServletTestExecutionListener.prepareTestInstance(ServletTestExecutionListener.java:132) ~[spring-test-5.1.7.RELEASE.jar:5.1.7.RELEASE]
	at org.springframework.test.context.TestContextManager.prepareTestInstance(TestContextManager.java:246) ~[spring-test-5.1.7.RELEASE.jar:5.1.7.RELEASE]
	at org.springframework.test.context.junit4.SpringJUnit4ClassRunner.createTest(SpringJUnit4ClassRunner.java:227) ~[spring-test-5.1.7.RELEASE.jar:5.1.7.RELEASE]
	at org.springframework.test.context.junit4.SpringJUnit4ClassRunner$1.runReflectiveCall(SpringJUnit4ClassRunner.java:289) ~[spring-test-5.1.7.RELEASE.jar:5.1.7.RELEASE]
	at org.junit.internal.runners.model.ReflectiveCallable.run(ReflectiveCallable.java:12) ~[junit-4.12.jar:4.12]
	at org.springframework.test.context.junit4.SpringJUnit4ClassRunner.methodBlock(SpringJUnit4ClassRunner.java:291) ~[spring-test-5.1.7.RELEASE.jar:5.1.7.RELEASE]
	at org.springframework.test.context.junit4.SpringJUnit4ClassRunner.runChild(SpringJUnit4ClassRunner.java:246) ~[spring-test-5.1.7.RELEASE.jar:5.1.7.RELEASE]
	at org.springframework.test.context.junit4.SpringJUnit4ClassRunner.runChild(SpringJUnit4ClassRunner.java:97) ~[spring-test-5.1.7.RELEASE.jar:5.1.7.RELEASE]
	at org.junit.runners.ParentRunner$3.run(ParentRunner.java:290) ~[junit-4.12.jar:4.12]
	at org.junit.runners.ParentRunner$1.schedule(ParentRunner.java:71) ~[junit-4.12.jar:4.12]
	at org.junit.runners.ParentRunner.runChildren(ParentRunner.java:288) ~[junit-4.12.jar:4.12]
	at org.junit.runners.ParentRunner.access$000(ParentRunner.java:58) ~[junit-4.12.jar:4.12]
	at org.junit.runners.ParentRunner$2.evaluate(ParentRunner.java:268) ~[junit-4.12.jar:4.12]
	at org.springframework.test.context.junit4.statements.RunBeforeTestClassCallbacks.evaluate(RunBeforeTestClassCallbacks.java:61) ~[spring-test-5.1.7.RELEASE.jar:5.1.7.RELEASE]
	at org.springframework.test.context.junit4.statements.RunAfterTestClassCallbacks.evaluate(RunAfterTestClassCallbacks.java:70) ~[spring-test-5.1.7.RELEASE.jar:5.1.7.RELEASE]
	at org.junit.runners.ParentRunner.run(ParentRunner.java:363) ~[junit-4.12.jar:4.12]
	at org.springframework.test.context.junit4.SpringJUnit4ClassRunner.run(SpringJUnit4ClassRunner.java:190) ~[spring-test-5.1.7.RELEASE.jar:5.1.7.RELEASE]
	at org.apache.maven.surefire.junit4.JUnit4Provider.execute(JUnit4Provider.java:365) ~[surefire-junit4-2.22.2.jar:2.22.2]
	at org.apache.maven.surefire.junit4.JUnit4Provider.executeWithRerun(JUnit4Provider.java:273) ~[surefire-junit4-2.22.2.jar:2.22.2]
	at org.apache.maven.surefire.junit4.JUnit4Provider.executeTestSet(JUnit4Provider.java:238) ~[surefire-junit4-2.22.2.jar:2.22.2]
	at org.apache.maven.surefire.junit4.JUnit4Provider.invoke(JUnit4Provider.java:159) ~[surefire-junit4-2.22.2.jar:2.22.2]
	at org.apache.maven.surefire.booter.ForkedBooter.invokeProviderInSameClassLoader(ForkedBooter.java:384) ~[surefire-booter-2.22.2.jar:2.22.2]
	at org.apache.maven.surefire.booter.ForkedBooter.runSuitesInProcess(ForkedBooter.java:345) ~[surefire-booter-2.22.2.jar:2.22.2]
	at org.apache.maven.surefire.booter.ForkedBooter.execute(ForkedBooter.java:126) ~[surefire-booter-2.22.2.jar:2.22.2]
	at org.apache.maven.surefire.booter.ForkedBooter.main(ForkedBooter.java:418) ~[surefire-booter-2.22.2.jar:2.22.2]

2023-07-27 11:52:17.840 ERROR 30904 --- [main] newsmarthome.i2c.I2CHardware             : platform does not support this driver
2023-07-27 11:52:17.889  WARN 30904 --- [main] n.model.hardware.device.Light            : Urz¹dzenie nie jest skonfigurowane na slave-u!
2023-07-27 11:52:17.893  INFO 30904 --- [main] newsmarthome.model.Room                  : Dodano urz¹dzenie:{ swt={ stan='OFF', pin='13'} super = {, id='0', room='1', slaveID='8', onSlaveID='0', name='Poziom 1', typ='LIGHT'}}
2023-07-27 11:52:17.905  INFO 30904 --- [main] newsmarthome.model.Room                  : Dodano urz¹dzenie:{ stan='NOTKNOW', swtUp='{ stan='OFF', pin='15'}', swtDown='{ stan='OFF', pin='16'}', super ='' {, id='1', room='1', slaveID='8', onSlaveID='1', name='Garderoba', typ='BLIND'}'}
2023-07-27 11:52:17.930  WARN 30904 --- [main] n.model.hardware.device.Light            : Urz¹dzenie nie jest skonfigurowane na slave-u!
2023-07-27 11:52:17.934  INFO 30904 --- [main] newsmarthome.model.Room                  : Dodano urz¹dzenie:{ swt={ stan='OFF', pin='13'} super = {, id='4', room='2', slaveID='13', onSlaveID='0', name='Poziom 1', typ='LIGHT'}}
2023-07-27 11:52:17.935  WARN 30904 --- [main] n.model.hardware.device.Light            : Urz¹dzenie nie jest skonfigurowane na slave-u!
2023-07-27 11:52:17.937  INFO 30904 --- [main] newsmarthome.model.Room                  : Dodano urz¹dzenie:{ swt={ stan='ON', pin='12'} super = {, id='5', room='2', slaveID='13', onSlaveID='1', name='Poziom 2', typ='LIGHT'}}
2023-07-27 11:52:17.944  INFO 30904 --- [main] newsmarthome.model.Room                  : Dodano urz¹dzenie:{ stan='UP', swtUp='{ stan='ON', pin='15'}', swtDown='{ stan='OFF', pin='16'}', super ='' {, id='6', room='2', slaveID='13', onSlaveID='2', name='Marcin', typ='BLIND'}'}
2023-07-27 11:52:17.967  INFO 30904 --- [main] newsmarthome.model.Room                  : Dodano urz¹dzenie:{ stan='DOWN', swtUp='{ stan='OFF', pin='15'}', swtDown='{ stan='ON', pin='16'}', super ='' {, id='8', room='3', slaveID='15', onSlaveID='0', name='Marek', typ='BLIND'}'}
2023-07-27 11:52:17.969  WARN 30904 --- [main] n.model.hardware.device.Light            : Urz¹dzenie nie jest skonfigurowane na slave-u!
2023-07-27 11:52:17.973  INFO 30904 --- [main] newsmarthome.model.Room                  : Dodano urz¹dzenie:{ swt={ stan='OFF', pin='13'} super = {, id='9', room='3', slaveID='15', onSlaveID='1', name='Poziom 1', typ='LIGHT'}}
2023-07-27 11:52:17.974  WARN 30904 --- [main] n.model.hardware.device.Light            : Urz¹dzenie nie jest skonfigurowane na slave-u!
2023-07-27 11:52:17.992  INFO 30904 --- [main] newsmarthome.model.Room                  : Dodano urz¹dzenie:{ swt={ stan='OFF', pin='12'} super = {, id='10', room='3', slaveID='15', onSlaveID='2', name='Poziom 2', typ='LIGHT'}}
2023-07-27 11:52:17.994  WARN 30904 --- [main] n.model.hardware.device.Light            : Urz¹dzenie nie jest skonfigurowane na slave-u!
2023-07-27 11:52:18.014  INFO 30904 --- [main] newsmarthome.model.Room                  : Dodano urz¹dzenie:{ swt={ stan='OFF', pin='15'} super = {, id='46', room='3', slaveID='14', onSlaveID='0', name='Gnd TV', typ='LIGHT'}}
2023-07-27 11:52:18.016  WARN 30904 --- [main] n.model.hardware.device.Light            : Urz¹dzenie nie jest skonfigurowane na slave-u!
2023-07-27 11:52:18.022  INFO 30904 --- [main] newsmarthome.model.Room                  : Dodano urz¹dzenie:{ swt={ stan='ON', pin='16'} super = {, id='47', room='3', slaveID='14', onSlaveID='1', name='Gnd ko³o ³ó¿ka 1', typ='LIGHT'}}
2023-07-27 11:52:18.023  WARN 30904 --- [main] n.model.hardware.device.Light            : Urz¹dzenie nie jest skonfigurowane na slave-u!
2023-07-27 11:52:18.027  INFO 30904 --- [main] newsmarthome.model.Room                  : Dodano urz¹dzenie:{ swt={ stan='ON', pin='13'} super = {, id='56', room='3', slaveID='14', onSlaveID='2', name='Gniazdko Biurko L', typ='LIGHT'}}
2023-07-27 11:52:18.028  WARN 30904 --- [main] n.model.hardware.device.Light            : Urz¹dzenie nie jest skonfigurowane na slave-u!
2023-07-27 11:52:18.032  INFO 30904 --- [main] newsmarthome.model.Room                  : Dodano urz¹dzenie:{ swt={ stan='OFF', pin='12'} super = {, id='57', room='3', slaveID='14', onSlaveID='3', name='Gniazdko Biurko P', typ='LIGHT'}}
2023-07-27 11:52:18.062  WARN 30904 --- [main] n.model.hardware.device.Light            : Urz¹dzenie nie jest skonfigurowane na slave-u!
2023-07-27 11:52:18.065  INFO 30904 --- [main] newsmarthome.model.Room                  : Dodano urz¹dzenie:{ swt={ stan='OFF', pin='13'} super = {, id='33', room='4', slaveID='16', onSlaveID='0', name='Poziom 1', typ='LIGHT'}}
2023-07-27 11:52:18.067  WARN 30904 --- [main] n.model.hardware.device.Light            : Urz¹dzenie nie jest skonfigurowane na slave-u!
2023-07-27 11:52:18.070  INFO 30904 --- [main] newsmarthome.model.Room                  : Dodano urz¹dzenie:{ swt={ stan='OFF', pin='12'} super = {, id='34', room='4', slaveID='16', onSlaveID='1', name='Poziom 2', typ='LIGHT'}}
2023-07-27 11:52:18.074  INFO 30904 --- [main] newsmarthome.model.Room                  : Dodano urz¹dzenie:{ stan='UP', swtUp='{ stan='ON', pin='15'}', swtDown='{ stan='OFF', pin='16'}', super ='' {, id='35', room='4', slaveID='16', onSlaveID='2', name='Goœcinny', typ='BLIND'}'}
2023-07-27 11:52:18.087  WARN 30904 --- [main] n.model.hardware.device.Light            : Urz¹dzenie nie jest skonfigurowane na slave-u!
2023-07-27 11:52:18.090  INFO 30904 --- [main] newsmarthome.model.Room                  : Dodano urz¹dzenie:{ swt={ stan='OFF', pin='13'} super = {, id='36', room='5', slaveID='12', onSlaveID='0', name='Poziom 1', typ='LIGHT'}}
2023-07-27 11:52:18.098  WARN 30904 --- [main] n.model.hardware.device.Light            : Urz¹dzenie nie jest skonfigurowane na slave-u!
2023-07-27 11:52:18.101  INFO 30904 --- [main] newsmarthome.model.Room                  : Dodano urz¹dzenie:{ swt={ stan='ON', pin='13'} super = {, id='2', room='6', slaveID='11', onSlaveID='0', name='Poziom 1', typ='LIGHT'}}
2023-07-27 11:52:18.104  INFO 30904 --- [main] newsmarthome.model.Room                  : Dodano urz¹dzenie:{ stan='NOTKNOW', swtUp='{ stan='OFF', pin='15'}', swtDown='{ stan='OFF', pin='16'}', super ='' {, id='3', room='6', slaveID='11', onSlaveID='1', name='£azienka Du¿a', typ='BLIND'}'}
2023-07-27 11:52:18.118  WARN 30904 --- [main] n.model.hardware.device.Light            : Urz¹dzenie nie jest skonfigurowane na slave-u!
2023-07-27 11:52:18.122  INFO 30904 --- [main] newsmarthome.model.Room                  : Dodano urz¹dzenie:{ swt={ stan='OFF', pin='10'} super = {, id='37', room='7', slaveID='8', onSlaveID='2', name='Poziom 1', typ='LIGHT'}}
2023-07-27 11:52:18.138  WARN 30904 --- [main] n.model.hardware.device.Light            : Urz¹dzenie nie jest skonfigurowane na slave-u!
2023-07-27 11:52:18.140  INFO 30904 --- [main] newsmarthome.model.Room                  : Dodano urz¹dzenie:{ swt={ stan='OFF', pin='13'} super = {, id='11', room='8', slaveID='9', onSlaveID='0', name='Poziom 1', typ='LIGHT'}}
2023-07-27 11:52:18.148  WARN 30904 --- [main] n.model.hardware.device.Light            : Urz¹dzenie nie jest skonfigurowane na slave-u!
2023-07-27 11:52:18.151  INFO 30904 --- [main] newsmarthome.model.Room                  : Dodano urz¹dzenie:{ swt={ stan='OFF', pin='13'} super = {, id='41', room='9', slaveID='17', onSlaveID='0', name='Poziom 1', typ='LIGHT'}}
2023-07-27 11:52:18.152  WARN 30904 --- [main] n.model.hardware.device.Light            : Urz¹dzenie nie jest skonfigurowane na slave-u!
2023-07-27 11:52:18.154  INFO 30904 --- [main] newsmarthome.model.Room                  : Dodano urz¹dzenie:{ swt={ stan='OFF', pin='12'} super = {, id='42', room='9', slaveID='17', onSlaveID='1', name='Poziom 2', typ='LIGHT'}}
2023-07-27 11:52:18.158  INFO 30904 --- [main] newsmarthome.model.Room                  : Dodano urz¹dzenie:{ stan='NOTKNOW', swtUp='{ stan='OFF', pin='15'}', swtDown='{ stan='OFF', pin='16'}', super ='' {, id='43', room='9', slaveID='17', onSlaveID='2', name='Rodzice', typ='BLIND'}'}
2023-07-27 11:52:18.173  INFO 30904 --- [main] newsmarthome.model.Room                  : Dodano urz¹dzenie:{ stan='NOTKNOW', swtUp='{ stan='OFF', pin='16'}', swtDown='{ stan='OFF', pin='15'}', super ='' {, id='40', room='10', slaveID='18', onSlaveID='0', name='Taras', typ='BLIND'}'}
2023-07-27 11:52:18.177  INFO 30904 --- [main] newsmarthome.model.Room                  : Dodano urz¹dzenie:{ stan='NOTKNOW', swtUp='{ stan='OFF', pin='16'}', swtDown='{ stan='OFF', pin='15'}', super ='' {, id='38', room='10', slaveID='19', onSlaveID='0', name='Jadalnia', typ='BLIND'}'}
2023-07-27 11:52:18.180  INFO 30904 --- [main] newsmarthome.model.Room                  : Dodano urz¹dzenie:{ stan='NOTKNOW', swtUp='{ stan='OFF', pin='13'}', swtDown='{ stan='OFF', pin='12'}', super ='' {, id='39', room='10', slaveID='18', onSlaveID='1', name='Przy Tarasie', typ='BLIND'}'}
2023-07-27 11:52:18.181  WARN 30904 --- [main] n.model.hardware.device.Light            : Urz¹dzenie nie jest skonfigurowane na slave-u!
2023-07-27 11:52:18.184  INFO 30904 --- [main] newsmarthome.model.Room                  : Dodano urz¹dzenie:{ swt={ stan='OFF', pin='13'} super = {, id='50', room='10', slaveID='21', onSlaveID='0', name='Przedpokój', typ='LIGHT'}}
2023-07-27 11:52:18.185  WARN 30904 --- [main] n.model.hardware.device.Light            : Urz¹dzenie nie jest skonfigurowane na slave-u!
2023-07-27 11:52:18.188  INFO 30904 --- [main] newsmarthome.model.Room                  : Dodano urz¹dzenie:{ swt={ stan='OFF', pin='12'} super = {, id='51', room='10', slaveID='21', onSlaveID='1', name='Przedpokój/Jadalnia', typ='LIGHT'}}
2023-07-27 11:52:18.208  WARN 30904 --- [main] n.model.hardware.device.Light            : Urz¹dzenie nie jest skonfigurowane na slave-u!
2023-07-27 11:52:18.211  INFO 30904 --- [main] newsmarthome.model.Room                  : Dodano urz¹dzenie:{ swt={ stan='OFF', pin='13'} super = {, id='44', room='11', slaveID='10', onSlaveID='0', name='Poziom 1', typ='LIGHT'}}
2023-07-27 11:52:18.214  INFO 30904 --- [main] newsmarthome.model.Room                  : Dodano urz¹dzenie:{ stan='NOTKNOW', swtUp='{ stan='OFF', pin='15'}', swtDown='{ stan='OFF', pin='16'}', super ='' {, id='45', room='11', slaveID='10', onSlaveID='1', name='Kuchnia', typ='BLIND'}'}
2023-07-27 11:52:18.215  WARN 30904 --- [main] n.model.hardware.device.Light            : Urz¹dzenie nie jest skonfigurowane na slave-u!
2023-07-27 11:52:18.217  INFO 30904 --- [main] newsmarthome.model.Room                  : Dodano urz¹dzenie:{ swt={ stan='OFF', pin='12'} super = {, id='52', room='11', slaveID='10', onSlaveID='2', name='Jadalnia', typ='LIGHT'}}
2023-07-27 11:52:18.228  WARN 30904 --- [main] n.model.hardware.device.Light            : Urz¹dzenie nie jest skonfigurowane na slave-u!
2023-07-27 11:52:18.230  INFO 30904 --- [main] newsmarthome.model.Room                  : Dodano urz¹dzenie:{ swt={ stan='OFF', pin='13'} super = {, id='48', room='12', slaveID='20', onSlaveID='0', name='Boczne', typ='LIGHT'}}
2023-07-27 11:52:18.230  WARN 30904 --- [main] n.model.hardware.device.Light            : Urz¹dzenie nie jest skonfigurowane na slave-u!
2023-07-27 11:52:18.231  INFO 30904 --- [main] newsmarthome.model.Room                  : Dodano urz¹dzenie:{ swt={ stan='OFF', pin='12'} super = {, id='49', room='12', slaveID='20', onSlaveID='1', name='Górne ', typ='LIGHT'}}
2023-07-27 11:52:18.236  WARN 30904 --- [main] n.model.hardware.device.Light            : Urz¹dzenie nie jest skonfigurowane na slave-u!
2023-07-27 11:52:18.238  INFO 30904 --- [main] newsmarthome.model.Room                  : Dodano urz¹dzenie:{ swt={ stan='OFF', pin='13'} super = {, id='53', room='13', slaveID='22', onSlaveID='0', name='Wiatro³ap', typ='LIGHT'}}
2023-07-27 11:52:18.239  WARN 30904 --- [main] n.model.hardware.device.Light            : Urz¹dzenie nie jest skonfigurowane na slave-u!
2023-07-27 11:52:18.241  INFO 30904 --- [main] newsmarthome.model.Room                  : Dodano urz¹dzenie:{ swt={ stan='OFF', pin='12'} super = {, id='54', room='13', slaveID='22', onSlaveID='1', name='Podcieñ', typ='LIGHT'}}
2023-07-27 11:52:18.241  WARN 30904 --- [main] n.model.hardware.device.Light            : Urz¹dzenie nie jest skonfigurowane na slave-u!
2023-07-27 11:52:18.243  INFO 30904 --- [main] newsmarthome.model.Room                  : Dodano urz¹dzenie:{ swt={ stan='OFF', pin='10'} super = {, id='55', room='13', slaveID='22', onSlaveID='2', name='Kapliczka', typ='LIGHT'}}
2023-07-27 11:52:18.248  INFO 30904 --- [main] newsmarthome.database.SystemDAO          : Wczytano 14 pokoi
2023-07-27 11:52:18.288  INFO 30904 --- [main] newsmarthome.database.AutomationDAO      : Wczytano 1 funkcji
2023-07-27 11:52:19.082  INFO 30904 --- [main] o.s.s.concurrent.ThreadPoolTaskExecutor  : Initializing ExecutorService 'applicationTaskExecutor'
2023-07-27 11:52:19.331  INFO 30904 --- [main] o.s.b.a.w.s.WelcomePageHandlerMapping    : Adding welcome page template: index
2023-07-27 11:52:19.787  INFO 30904 --- [main] o.s.s.c.ThreadPoolTaskScheduler          : Initializing ExecutorService 'taskScheduler'
2023-07-27 11:52:19.835  INFO 30904 --- [main] o.s.b.a.e.web.EndpointLinksResolver      : Exposing 2 endpoint(s) beneath base path '/actuator'
2023-07-27 11:52:19.894  WARN 30904 --- [scheduling-1] newsmarthome.runners.Runners             : No slaves detected
2023-07-27 11:52:19.900  INFO 30904 --- [main] newsmarthome.SmartHomeAppTest            : Started SmartHomeAppTest in 3.873 seconds (JVM running for 4.783)
2023-07-27 11:52:20.284  INFO 30904 --- [Thread-1] o.s.s.c.ThreadPoolTaskScheduler          : Shutting down ExecutorService 'taskScheduler'
2023-07-27 11:52:20.284 ERROR 30904 --- [scheduling-1] newsmarthome.runners.Runners             : B³¹d podczas usypiania w¹tku: sleep interrupted
2023-07-27 11:52:20.284 ERROR 30904 --- [scheduling-1] newsmarthome.runners.Runners             : B³¹d podczas usypiania w¹tku: sleep interrupted
2023-07-27 11:52:20.285  INFO 30904 --- [Thread-1] o.s.s.concurrent.ThreadPoolTaskExecutor  : Shutting down ExecutorService 'applicationTaskExecutor'
